<?xml version="1.0" encoding="UTF-8"?>
<!-- Generated by org.testng.reporters.JUnitReportReporter -->
<testsuite skipped="0" hostname="DESKTOP-D8HST9O" name="script.ValidLogin" tests="1" failures="0" timestamp="11 Mar 2018 03:07:01 GMT" time="6.884" errors="0">
  <testcase name="testValidLogin" time="6.884" classname="script.ValidLogin"/>
</testsuite> <!-- script.ValidLogin -->
