<?xml version="1.0" encoding="UTF-8"?>
<!-- Generated by org.testng.reporters.JUnitReportReporter -->
<testsuite hostname="DESKTOP-D8HST9O" name="script.ValidLogin" tests="1" failures="0" timestamp="12 Mar 2018 03:57:59 GMT" time="6.802" errors="0">
  <testcase name="testValidLogin" time="6.802" classname="script.ValidLogin"/>
</testsuite> <!-- script.ValidLogin -->
