<?xml version="1.0" encoding="UTF-8"?>
<!-- Generated by org.testng.reporters.JUnitReportReporter -->
<testsuite skipped="0" hostname="DESKTOP-D8HST9O" name="script.InvalidLogin" tests="1" failures="0" timestamp="11 Mar 2018 03:32:49 GMT" time="20.835" errors="0">
  <testcase name="testInvalidLogin" time="20.835" classname="script.InvalidLogin"/>
</testsuite> <!-- script.InvalidLogin -->
